2025-07-26 14:47:04 | WARNING  | root | ⚠️ Falling back to latest summary JSON: ./pewpew\summary-1-76abd3a1-f140-4e8b-81b8-b795d89e6f97-1-1.dem.json
2025-07-26 14:47:04 | WARNING  | utils.data_sanitizer | 🛑 Missing or malformed metadata block. Injecting defaults.
2025-07-26 14:47:04 | WARNING  | root | ⚠️ No playerStats after fallback.
2025-07-26 14:47:04 | WARNING  | utils.data_sanitizer | ⚠️ Missing or invalid 'chat' key. Injecting empty list.
2025-07-26 14:47:04 | WARNING  | utils.data_sanitizer | ⚠️ Missing or invalid 'playerStats' key. Injecting empty dict.
2025-07-26 14:47:04 | ERROR    | cross_module_debugging | 💥 ERROR in utils.dropdown_utils._extract_unique_players: 'str' object has no attribute 'get'
Traceback (most recent call last):
  File "c:\Users\jerry\Downloads\CS2-ACS-CM\utils\cross_module_debugging.py", line 59, in wrapper
    result = func(*args, **kwargs)
  File "c:\Users\jerry\Downloads\CS2-ACS-CM\utils\dropdown_utils.py", line 75, in _extract_unique_players
    if event.get("type") != "player_hurt":
       ^^^^^^^^^
AttributeError: 'str' object has no attribute 'get'
2025-07-26 14:47:04 | ERROR    | cross_module_debugging | 💥 ERROR in utils.dropdown_utils.build_player_dropdown: 'str' object has no attribute 'get'
Traceback (most recent call last):
  File "c:\Users\jerry\Downloads\CS2-ACS-CM\utils\cross_module_debugging.py", line 59, in wrapper
    result = func(*args, **kwargs)
  File "c:\Users\jerry\Downloads\CS2-ACS-CM\utils\dropdown_utils.py", line 112, in build_player_dropdown
    player_metadata = _extract_unique_players(event_data)
  File "c:\Users\jerry\Downloads\CS2-ACS-CM\utils\cross_module_debugging.py", line 59, in wrapper
    result = func(*args, **kwargs)
  File "c:\Users\jerry\Downloads\CS2-ACS-CM\utils\dropdown_utils.py", line 75, in _extract_unique_players
    if event.get("type") != "player_hurt":
       ^^^^^^^^^
AttributeError: 'str' object has no attribute 'get'
2025-07-26 14:47:05 | WARNING  | cs2_parser.chat_summary | 📭 No chat messages found
2025-07-26 14:47:05 | WARNING  | cs2_parser.stats_summary | ⚠️ No playerStats found in data.
2025-07-26 14:47:08 | ERROR    | cross_module_debugging | 💥 ERROR in utils.dropdown_utils._extract_unique_players: 'str' object has no attribute 'get'
Traceback (most recent call last):
  File "c:\Users\jerry\Downloads\CS2-ACS-CM\utils\cross_module_debugging.py", line 59, in wrapper
    result = func(*args, **kwargs)
  File "c:\Users\jerry\Downloads\CS2-ACS-CM\utils\dropdown_utils.py", line 75, in _extract_unique_players
    if event.get("type") != "player_hurt":
       ^^^^^^^^^
AttributeError: 'str' object has no attribute 'get'
2025-07-26 14:47:08 | ERROR    | cross_module_debugging | 💥 ERROR in utils.dropdown_utils.build_player_dropdown: 'str' object has no attribute 'get'
Traceback (most recent call last):
  File "c:\Users\jerry\Downloads\CS2-ACS-CM\utils\cross_module_debugging.py", line 59, in wrapper
    result = func(*args, **kwargs)
  File "c:\Users\jerry\Downloads\CS2-ACS-CM\utils\dropdown_utils.py", line 112, in build_player_dropdown
    player_metadata = _extract_unique_players(event_data)
  File "c:\Users\jerry\Downloads\CS2-ACS-CM\utils\cross_module_debugging.py", line 59, in wrapper
    result = func(*args, **kwargs)
  File "c:\Users\jerry\Downloads\CS2-ACS-CM\utils\dropdown_utils.py", line 75, in _extract_unique_players
    if event.get("type") != "player_hurt":
       ^^^^^^^^^
AttributeError: 'str' object has no attribute 'get'
2025-07-26 14:54:17 | WARNING  | cs2_parser.stats_summary | ⚠️ No playerStats found in data.
2025-07-26 15:35:59 | WARNING  | root | ⚠️ Falling back to latest summary JSON: ./pewpew\summary-1-ca2ad395-97b2-423b-9dc7-cbd264b8ff27-1-1.dem.json
2025-07-26 15:35:59 | WARNING  | utils.data_sanitizer | 🛑 Missing or malformed metadata block. Injecting defaults.
2025-07-26 15:36:00 | WARNING  | root | ⚠️ No playerStats after fallback.
2025-07-26 15:36:00 | WARNING  | utils.data_sanitizer | ⚠️ Missing or invalid 'chat' key. Injecting empty list.
2025-07-26 15:36:00 | WARNING  | utils.data_sanitizer | ⚠️ Missing or invalid 'playerStats' key. Injecting empty dict.
2025-07-26 15:36:00 | WARNING  | cs2_parser.chat_summary | 📭 No chat messages found
2025-07-26 15:36:00 | WARNING  | cs2_parser.stats_summary | ⚠️ No playerStats found in data.
2025-07-26 15:37:57 | WARNING  | root | ⚠️ Falling back to latest summary JSON: ./pewpew\summary-1-dfdafa1c-64e3-4c29-b320-5cf1fa66400d-1-1.dem.json
2025-07-26 15:37:57 | WARNING  | utils.data_sanitizer | 🛑 Missing or malformed metadata block. Injecting defaults.
2025-07-26 15:37:57 | WARNING  | root | ⚠️ No playerStats after fallback.
2025-07-26 15:37:57 | WARNING  | utils.data_sanitizer | ⚠️ Missing or invalid 'chat' key. Injecting empty list.
2025-07-26 15:37:57 | WARNING  | utils.data_sanitizer | ⚠️ Missing or invalid 'playerStats' key. Injecting empty dict.
2025-07-26 15:37:58 | WARNING  | cs2_parser.chat_summary | 📭 No chat messages found
2025-07-26 15:37:58 | WARNING  | cs2_parser.stats_summary | ⚠️ No playerStats found in data.
2025-07-26 15:39:40 | WARNING  | root | ⚠️ Falling back to latest summary JSON: ./pewpew\summary-003758360140089131248_0844089304.dem.json
2025-07-26 15:39:40 | WARNING  | utils.data_sanitizer | 🛑 Missing or malformed metadata block. Injecting defaults.
2025-07-26 15:39:40 | WARNING  | root | ⚠️ No playerStats after fallback.
2025-07-26 15:39:40 | WARNING  | utils.data_sanitizer | ⚠️ Missing or invalid 'chat' key. Injecting empty list.
2025-07-26 15:39:40 | WARNING  | utils.data_sanitizer | ⚠️ Missing or invalid 'playerStats' key. Injecting empty dict.
2025-07-26 15:39:40 | WARNING  | cs2_parser.chat_summary | 📭 No chat messages found
2025-07-26 15:39:40 | WARNING  | cs2_parser.stats_summary | ⚠️ No playerStats found in data.
2025-07-26 15:42:33 | WARNING  | root | ⚠️ Falling back to latest summary JSON: ./pewpew\summary-1-ca2ad395-97b2-423b-9dc7-cbd264b8ff27-1-1.dem.json
2025-07-26 15:42:33 | WARNING  | utils.data_sanitizer | 🛑 Missing or malformed metadata block. Injecting defaults.
2025-07-26 15:42:34 | WARNING  | root | ⚠️ No playerStats after fallback.
2025-07-26 15:42:34 | WARNING  | utils.data_sanitizer | ⚠️ Missing or invalid 'chat' key. Injecting empty list.
2025-07-26 15:42:34 | WARNING  | utils.data_sanitizer | ⚠️ Missing or invalid 'playerStats' key. Injecting empty dict.
2025-07-26 15:42:34 | WARNING  | cs2_parser.chat_summary | 📭 No chat messages found
2025-07-26 15:42:34 | WARNING  | cs2_parser.stats_summary | ⚠️ No playerStats found in data.
2025-07-26 15:47:07 | WARNING  | root | ⚠️ Falling back to latest summary JSON: ./pewpew\summary-1-76abd3a1-f140-4e8b-81b8-b795d89e6f97-1-1.dem.json
2025-07-26 15:47:07 | WARNING  | utils.data_sanitizer | 🛑 Missing or malformed metadata block. Injecting defaults.
2025-07-26 15:47:08 | WARNING  | root | ⚠️ No playerStats after fallback.
2025-07-26 15:47:08 | WARNING  | utils.data_sanitizer | ⚠️ Missing or invalid 'chat' key. Injecting empty list.
2025-07-26 15:47:08 | WARNING  | utils.data_sanitizer | ⚠️ Missing or invalid 'playerStats' key. Injecting empty dict.
2025-07-26 15:47:08 | WARNING  | cs2_parser.chat_summary | 📭 No chat messages found
2025-07-26 15:47:08 | WARNING  | cs2_parser.stats_summary | ⚠️ No playerStats found in data.
2025-07-26 16:03:42 | WARNING  | root | ⚠️ Falling back to latest summary JSON: ./pewpew\summary-123.dem.json
2025-07-26 16:03:43 | WARNING  | utils.data_sanitizer | 🛑 Missing or malformed metadata block. Injecting defaults.
2025-07-26 16:03:43 | WARNING  | root | ⚠️ No playerStats after fallback.
2025-07-26 16:03:43 | WARNING  | utils.data_sanitizer | ⚠️ Missing or invalid 'chat' key. Injecting empty list.
2025-07-26 16:03:43 | WARNING  | utils.data_sanitizer | ⚠️ Missing or invalid 'playerStats' key. Injecting empty dict.
2025-07-26 16:03:43 | WARNING  | cs2_parser.chat_summary | 📭 No chat messages found
2025-07-26 16:03:43 | WARNING  | cs2_parser.stats_summary | ⚠️ No playerStats found in data.
2025-07-26 16:04:52 | WARNING  | root | ⚠️ Falling back to latest summary JSON: ./pewpew\summary-123.dem.json
2025-07-26 16:04:52 | WARNING  | utils.data_sanitizer | 🛑 Missing or malformed metadata block. Injecting defaults.
2025-07-26 16:04:52 | WARNING  | root | ⚠️ No playerStats after fallback.
2025-07-26 16:04:52 | WARNING  | utils.data_sanitizer | ⚠️ Missing or invalid 'chat' key. Injecting empty list.
2025-07-26 16:04:52 | WARNING  | utils.data_sanitizer | ⚠️ Missing or invalid 'playerStats' key. Injecting empty dict.
2025-07-26 16:04:53 | WARNING  | cs2_parser.chat_summary | 📭 No chat messages found
2025-07-26 16:04:53 | WARNING  | cs2_parser.stats_summary | ⚠️ No playerStats found in data.
2025-07-26 16:07:14 | WARNING  | utils.data_sanitizer | 🛑 Missing or malformed metadata block. Injecting defaults.
2025-07-26 16:07:21 | WARNING  | root | ⚠️ Falling back to latest summary JSON: ./pewpew\summary-123.dem.json
2025-07-26 16:07:22 | WARNING  | utils.data_sanitizer | 🛑 Missing or malformed metadata block. Injecting defaults.
2025-07-26 16:07:22 | WARNING  | root | ⚠️ No playerStats after fallback.
2025-07-26 16:07:22 | WARNING  | utils.data_sanitizer | ⚠️ Missing or invalid 'chat' key. Injecting empty list.
2025-07-26 16:07:22 | WARNING  | utils.data_sanitizer | ⚠️ Missing or invalid 'playerStats' key. Injecting empty dict.
2025-07-26 16:07:22 | WARNING  | cs2_parser.chat_summary | 📭 No chat messages found
2025-07-26 16:07:22 | WARNING  | cs2_parser.stats_summary | ⚠️ No playerStats found in data.
2025-07-26 16:08:53 | WARNING  | root | ⚠️ Falling back to latest summary JSON: ./pewpew\summary-1-ca2ad395-97b2-423b-9dc7-cbd264b8ff27-1-1.dem.json
2025-07-26 16:08:54 | WARNING  | utils.data_sanitizer | 🛑 Missing or malformed metadata block. Injecting defaults.
2025-07-26 16:08:54 | WARNING  | root | ⚠️ No playerStats after fallback.
2025-07-26 16:08:54 | WARNING  | utils.data_sanitizer | ⚠️ Missing or invalid 'chat' key. Injecting empty list.
2025-07-26 16:08:54 | WARNING  | utils.data_sanitizer | ⚠️ Missing or invalid 'playerStats' key. Injecting empty dict.
2025-07-26 16:08:54 | WARNING  | cs2_parser.chat_summary | 📭 No chat messages found
2025-07-26 16:08:54 | WARNING  | cs2_parser.stats_summary | ⚠️ No playerStats found in data.
2025-07-26 16:12:25 | WARNING  | root | ⚠️ Falling back to latest summary JSON: ./pewpew\summary-1-ca2ad395-97b2-423b-9dc7-cbd264b8ff27-1-1.dem.json
2025-07-26 16:12:25 | WARNING  | utils.data_sanitizer | 🛑 Missing or malformed metadata block. Injecting defaults.
2025-07-26 16:12:25 | WARNING  | root | ⚠️ No playerStats after fallback.
2025-07-26 16:12:25 | WARNING  | utils.data_sanitizer | ⚠️ Missing or invalid 'chat' key. Injecting empty list.
2025-07-26 16:12:25 | WARNING  | utils.data_sanitizer | ⚠️ Missing or invalid 'playerStats' key. Injecting empty dict.
2025-07-26 16:12:26 | WARNING  | cs2_parser.chat_summary | 📭 No chat messages found
2025-07-26 16:12:26 | WARNING  | cs2_parser.stats_summary | ⚠️ No playerStats found in data.
2025-07-26 16:18:55 | WARNING  | root | ⚠️ Falling back to latest summary JSON: ./pewpew\summary-1-a9eca738-1f98-4934-a0c8-d9d5110351a1-1-1.dem.json
2025-07-26 16:18:55 | WARNING  | utils.data_sanitizer | 🛑 Missing or malformed metadata block. Injecting defaults.
2025-07-26 16:18:55 | WARNING  | root | ⚠️ No playerStats after fallback.
2025-07-26 16:18:55 | WARNING  | utils.data_sanitizer | ⚠️ Missing or invalid 'chat' key. Injecting empty list.
2025-07-26 16:18:55 | WARNING  | utils.data_sanitizer | ⚠️ Missing or invalid 'playerStats' key. Injecting empty dict.
2025-07-26 16:18:55 | WARNING  | cs2_parser.chat_summary | 📭 No chat messages found
2025-07-26 16:18:55 | WARNING  | cs2_parser.stats_summary | ⚠️ No playerStats found in data.
2025-07-26 16:21:25 | WARNING  | root | ⚠️ Falling back to latest summary JSON: ./pewpew\summary-003758360140089131248_0844089304.dem.json
2025-07-26 16:21:25 | WARNING  | utils.data_sanitizer | 🛑 Missing or malformed metadata block. Injecting defaults.
2025-07-26 16:21:25 | WARNING  | root | ⚠️ No playerStats after fallback.
2025-07-26 16:21:25 | WARNING  | utils.data_sanitizer | ⚠️ Missing or invalid 'chat' key. Injecting empty list.
2025-07-26 16:21:25 | WARNING  | utils.data_sanitizer | ⚠️ Missing or invalid 'playerStats' key. Injecting empty dict.
2025-07-26 16:21:26 | WARNING  | cs2_parser.chat_summary | 📭 No chat messages found
2025-07-26 16:21:26 | WARNING  | cs2_parser.stats_summary | ⚠️ No playerStats found in data.
2025-07-26 16:25:39 | WARNING  | root | ⚠️ Falling back to latest summary JSON: ./pewpew\summary-123.dem.json
2025-07-26 16:25:39 | WARNING  | utils.data_sanitizer | 🛑 Missing or malformed metadata block. Injecting defaults.
2025-07-26 16:25:39 | WARNING  | root | ⚠️ No playerStats after fallback.
2025-07-26 16:25:39 | WARNING  | utils.data_sanitizer | ⚠️ Missing or invalid 'chat' key. Injecting empty list.
2025-07-26 16:25:39 | WARNING  | utils.data_sanitizer | ⚠️ Missing or invalid 'playerStats' key. Injecting empty dict.
2025-07-26 16:25:39 | WARNING  | cs2_parser.chat_summary | 📭 No chat messages found
2025-07-26 16:25:39 | WARNING  | cs2_parser.stats_summary | ⚠️ No playerStats found in data.
2025-07-26 16:26:12 | WARNING  | root | ⚠️ Falling back to latest summary JSON: ./pewpew\summary-1-ca2ad395-97b2-423b-9dc7-cbd264b8ff27-1-1.dem.json
2025-07-26 16:26:13 | WARNING  | utils.data_sanitizer | 🛑 Missing or malformed metadata block. Injecting defaults.
2025-07-26 16:26:13 | WARNING  | root | ⚠️ No playerStats after fallback.
2025-07-26 16:26:13 | WARNING  | utils.data_sanitizer | ⚠️ Missing or invalid 'chat' key. Injecting empty list.
2025-07-26 16:26:13 | WARNING  | utils.data_sanitizer | ⚠️ Missing or invalid 'playerStats' key. Injecting empty dict.
2025-07-26 16:26:13 | WARNING  | cs2_parser.chat_summary | 📭 No chat messages found
2025-07-26 16:26:13 | WARNING  | cs2_parser.stats_summary | ⚠️ No playerStats found in data.
2025-07-26 17:09:39 | WARNING  | utils.data_sanitizer | 🛑 Missing or malformed metadata block. Injecting defaults.
2025-07-26 17:09:39 | WARNING  | cs2_parser.fallback_parser | ⚠️  No playerStats computed. Attempting fallback stat extraction...
2025-07-26 17:09:39 | WARNING  | cs2_parser.fallback_parser | ⚠️  Fallback stat extraction failed.
2025-07-26 17:09:39 | WARNING  | root | ⚠️ Scout stats not generated — playerDropdown missing
2025-07-26 17:09:39 | WARNING  | root | ⚠️ No playerStats after processing
2025-07-26 17:09:39 | WARNING  | utils.data_sanitizer | ⚠️ Missing or invalid 'chat' key. Injecting empty list.
2025-07-26 17:09:39 | WARNING  | utils.data_sanitizer | ⚠️ Missing or invalid 'playerStats' key. Injecting empty dict.
2025-07-26 17:09:40 | WARNING  | cs2_parser.chat_summary | 📭 No chat messages found
2025-07-26 17:09:40 | WARNING  | cs2_parser.stats_summary | ⚠️ No playerStats found in data.
2025-07-26 17:09:40 | ERROR    | root | Tab population failed: event_log_tab_controller() got an unexpected keyword argument 'dropdown_callback'
2025-07-26 17:09:54 | WARNING  | utils.data_sanitizer | 🛑 Missing or malformed metadata block. Injecting defaults.
2025-07-26 17:09:55 | WARNING  | cs2_parser.fallback_parser | ⚠️  No playerStats computed. Attempting fallback stat extraction...
2025-07-26 17:09:55 | WARNING  | cs2_parser.fallback_parser | ⚠️  Fallback stat extraction failed.
2025-07-26 17:09:55 | WARNING  | root | ⚠️ Scout stats not generated — playerDropdown missing
2025-07-26 17:09:55 | WARNING  | root | ⚠️ No playerStats after processing
2025-07-26 17:09:55 | WARNING  | utils.data_sanitizer | ⚠️ Missing or invalid 'chat' key. Injecting empty list.
2025-07-26 17:09:55 | WARNING  | utils.data_sanitizer | ⚠️ Missing or invalid 'playerStats' key. Injecting empty dict.
2025-07-26 17:09:55 | WARNING  | cs2_parser.chat_summary | 📭 No chat messages found
2025-07-26 17:09:55 | WARNING  | cs2_parser.stats_summary | ⚠️ No playerStats found in data.
2025-07-26 17:09:55 | ERROR    | root | Tab population failed: event_log_tab_controller() got an unexpected keyword argument 'dropdown_callback'
2025-07-26 17:12:00 | WARNING  | cs2_parser.stats_summary | ⚠️ No playerStats found in data.
2025-07-26 17:12:37 | WARNING  | utils.data_sanitizer | 🛑 Missing or malformed metadata block. Injecting defaults.
2025-07-26 17:12:37 | WARNING  | cs2_parser.fallback_parser | ⚠️  No playerStats computed. Attempting fallback stat extraction...
2025-07-26 17:12:37 | WARNING  | cs2_parser.fallback_parser | ⚠️  Fallback stat extraction failed.
2025-07-26 17:12:37 | WARNING  | root | ⚠️ Scout stats not generated — playerDropdown missing
2025-07-26 17:12:37 | WARNING  | root | ⚠️ No playerStats after processing
2025-07-26 17:12:37 | WARNING  | utils.data_sanitizer | ⚠️ Missing or invalid 'chat' key. Injecting empty list.
2025-07-26 17:12:37 | WARNING  | utils.data_sanitizer | ⚠️ Missing or invalid 'playerStats' key. Injecting empty dict.
2025-07-26 17:12:37 | WARNING  | cs2_parser.chat_summary | 📭 No chat messages found
2025-07-26 17:12:37 | WARNING  | cs2_parser.stats_summary | ⚠️ No playerStats found in data.
2025-07-26 17:12:37 | ERROR    | root | Tab population failed: event_log_tab_controller() got an unexpected keyword argument 'dropdown_callback'
2025-07-26 17:12:44 | ERROR    | root | Sanitizer report failed: generate_sanitizer_report() missing 1 required positional argument: 'log_path'
2025-07-26 17:19:27 | WARNING  | utils.data_sanitizer | 🛑 Missing or malformed metadata block. Injecting defaults.
2025-07-26 17:19:27 | WARNING  | root | ⚠️ No players found, creating placeholder
2025-07-26 17:19:27 | WARNING  | root | ⚠️ Unusual round count: 195, using detected rounds only
2025-07-26 17:19:27 | WARNING  | cs2_parser.fallback_parser | ⚠️  No playerStats computed. Attempting fallback stat extraction...
2025-07-26 17:19:27 | WARNING  | cs2_parser.fallback_parser | ⚠️  Fallback stat extraction failed.
2025-07-26 17:19:27 | WARNING  | root | ⚠️ Scout stats generation failed: 'list' object has no attribute 'items'
2025-07-26 17:19:27 | WARNING  | root | ⚠️ No playerStats after processing
2025-07-26 17:19:27 | WARNING  | root | ⚠️ Missing teamDropdown data
2025-07-26 17:19:27 | WARNING  | utils.data_sanitizer | ⚠️ Missing or invalid 'chat' key. Injecting empty list.
2025-07-26 17:19:27 | WARNING  | utils.data_sanitizer | ⚠️ Missing or invalid 'playerStats' key. Injecting empty dict.
2025-07-26 17:19:28 | WARNING  | cs2_parser.chat_summary | 📭 No chat messages found
2025-07-26 17:19:28 | WARNING  | cs2_parser.stats_summary | ⚠️ No playerStats found in data.
2025-07-26 17:19:28 | ERROR    | root | Tab population failed: event_log_tab_controller() got an unexpected keyword argument 'dropdown_callback'
2025-07-26 17:32:23 | WARNING  | utils.data_sanitizer | 🛑 Missing or malformed metadata block. Injecting defaults.
2025-07-26 17:32:24 | WARNING  | root | ⚠️ No players found, creating placeholder
2025-07-26 17:32:24 | WARNING  | root | ⚠️ Unusual round count: 206, using detected rounds only
2025-07-26 17:32:24 | WARNING  | cs2_parser.fallback_parser | ⚠️  No playerStats computed. Attempting fallback stat extraction...
2025-07-26 17:32:24 | WARNING  | cs2_parser.fallback_parser | ⚠️  Fallback stat extraction failed.
2025-07-26 17:32:24 | WARNING  | root | ⚠️ Scout stats generation failed: 'list' object has no attribute 'items'
2025-07-26 17:32:24 | WARNING  | root | ⚠️ No playerStats after processing
2025-07-26 17:32:24 | WARNING  | utils.data_sanitizer | ⚠️ Missing or invalid 'chat' key. Injecting empty list.
2025-07-26 17:32:24 | WARNING  | utils.data_sanitizer | ⚠️ Missing or invalid 'playerStats' key. Injecting empty dict.
2025-07-26 17:32:25 | WARNING  | cs2_parser.chat_summary | 📭 No chat messages found
2025-07-26 17:32:25 | WARNING  | cs2_parser.stats_summary | ⚠️ No playerStats found in data.
2025-07-26 17:32:25 | ERROR    | root | Tab population failed: event_log_tab_controller() got an unexpected keyword argument 'dropdown_callback'
2025-07-26 17:33:00 | WARNING  | utils.data_sanitizer | 🛑 Missing or malformed metadata block. Injecting defaults.
2025-07-26 17:33:00 | WARNING  | root | ⚠️ No players found, creating placeholder
2025-07-26 17:33:00 | WARNING  | root | ⚠️ Unusual round count: 206, using detected rounds only
2025-07-26 17:33:00 | WARNING  | cs2_parser.fallback_parser | ⚠️  No playerStats computed. Attempting fallback stat extraction...
2025-07-26 17:33:00 | WARNING  | cs2_parser.fallback_parser | ⚠️  Fallback stat extraction failed.
2025-07-26 17:33:00 | WARNING  | root | ⚠️ Scout stats generation failed: 'list' object has no attribute 'items'
2025-07-26 17:33:00 | WARNING  | root | ⚠️ No playerStats after processing
2025-07-26 17:33:00 | WARNING  | utils.data_sanitizer | ⚠️ Missing or invalid 'chat' key. Injecting empty list.
2025-07-26 17:33:00 | WARNING  | utils.data_sanitizer | ⚠️ Missing or invalid 'playerStats' key. Injecting empty dict.
2025-07-26 17:33:01 | WARNING  | cs2_parser.chat_summary | 📭 No chat messages found
2025-07-26 17:33:01 | WARNING  | cs2_parser.stats_summary | ⚠️ No playerStats found in data.
2025-07-26 17:33:01 | ERROR    | root | Tab population failed: event_log_tab_controller() got an unexpected keyword argument 'dropdown_callback'
